<?xml version="1.0" encoding="UTF-8"?>
<testsuite xmlns:xsi="http://www.w3.org/2001/XMLSchema-instance" xsi:noNamespaceSchemaLocation="https://maven.apache.org/surefire/maven-surefire-plugin/xsd/surefire-test-report-3.0.xsd" version="3.0" name="hu.szoftmern.project.ProjectApplicationTests" time="6.632" tests="1" errors="0" skipped="0" failures="0">
  <properties>
[...]
</properties>
  <testcase name="contextLoads" classname="hu.szoftmern.project.ProjectApplicationTests" time="0.601">
    <system-out><![CDATA[13:41:45.596 [main] INFO org.springframework.test.context.support.AnnotationConfigContextLoaderUtils -- Could not detect default configuration classes for test class [hu.szoftmern.project.ProjectApplicationTests]: ProjectApplicationTests does not declare any static, non-private, non-final, nested classes annotated with @Configuration.
13:41:45.725 [main] INFO org.springframework.boot.test.context.SpringBootTestContextBootstrapper -- Found @SpringBootConfiguration hu.szoftmern.project.ProjectApplication for test class hu.szoftmern.project.ProjectApplicationTests

  .   ____          _            __ _ _
 /\\ / ___'_ __ _ _(_)_ __  __ _ \ \ \ \
( ( )\___ | '_ | '_| | '_ \/ _` | \ \ \ \
 \\/  ___)| |_)| | | | | || (_| |  ) ) ) )
  '  |____| .__|_| |_|_| |_\__, | / / / /
 =========|_|==============|___/=/_/_/_/
 :: Spring Boot ::                (v3.1.4)

2023-10-20T13:41:46.283+02:00  INFO 17632 --- [           main] h.s.project.ProjectApplicationTests      : Starting ProjectApplicationTests using Java 17.0.4.1 with PID 17632 (started by Asus in C:\Users\Asus\Desktop\hetfo\szoftmern_projekt)
2023-10-20T13:41:46.286+02:00  INFO 17632 --- [           main] h.s.project.ProjectApplicationTests      : No active profile set, falling back to 1 default profile: "default"
2023-10-20T13:41:47.223+02:00  INFO 17632 --- [           main] .s.d.r.c.RepositoryConfigurationDelegate : Bootstrapping Spring Data JPA repositories in DEFAULT mode.
2023-10-20T13:41:47.330+02:00  INFO 17632 --- [           main] .s.d.r.c.RepositoryConfigurationDelegate : Finished Spring Data repository scanning in 86 ms. Found 3 JPA repository interfaces.
2023-10-20T13:41:47.867+02:00 DEBUG 17632 --- [           main] o.s.jdbc.datasource.DataSourceUtils      : Fetching JDBC Connection from DataSource
2023-10-20T13:41:47.868+02:00  INFO 17632 --- [           main] com.zaxxer.hikari.HikariDataSource       : kamionsofor_nyilvantarto - Starting...
2023-10-20T13:41:48.155+02:00  INFO 17632 --- [           main] com.zaxxer.hikari.pool.HikariPool        : kamionsofor_nyilvantarto - Added connection conn0: url=jdbc:h2:mem:testdb user=SA
2023-10-20T13:41:48.159+02:00  INFO 17632 --- [           main] com.zaxxer.hikari.HikariDataSource       : kamionsofor_nyilvantarto - Start completed.
2023-10-20T13:41:48.260+02:00  INFO 17632 --- [           main] o.hibernate.jpa.internal.util.LogHelper  : HHH000204: Processing PersistenceUnitInfo [name: default]
2023-10-20T13:41:48.350+02:00  INFO 17632 --- [           main] org.hibernate.Version                    : HHH000412: Hibernate ORM core version 6.2.9.Final
2023-10-20T13:41:48.354+02:00  INFO 17632 --- [           main] org.hibernate.cfg.Environment            : HHH000406: Using bytecode reflection optimizer
2023-10-20T13:41:48.671+02:00  INFO 17632 --- [           main] o.h.b.i.BytecodeProviderInitiator        : HHH000021: Bytecode provider name : bytebuddy
2023-10-20T13:41:48.879+02:00  INFO 17632 --- [           main] o.s.o.j.p.SpringPersistenceUnitInfo      : No LoadTimeWeaver setup: ignoring JPA class transformer
2023-10-20T13:41:49.209+02:00  INFO 17632 --- [           main] o.h.b.i.BytecodeProviderInitiator        : HHH000021: Bytecode provider name : bytebuddy
2023-10-20T13:41:49.998+02:00  INFO 17632 --- [           main] o.h.e.t.j.p.i.JtaPlatformInitiator       : HHH000490: Using JtaPlatform implementation: [org.hibernate.engine.transaction.jta.platform.internal.NoJtaPlatform]
2023-10-20T13:41:50.066+02:00  INFO 17632 --- [           main] j.LocalContainerEntityManagerFactoryBean : Initialized JPA EntityManagerFactory for persistence unit 'default'
2023-10-20T13:41:50.837+02:00  WARN 17632 --- [           main] JpaBaseConfiguration$JpaWebConfiguration : spring.jpa.open-in-view is enabled by default. Therefore, database queries may be performed during view rendering. Explicitly configure spring.jpa.open-in-view to disable this warning
2023-10-20T13:41:51.311+02:00  INFO 17632 --- [           main] o.s.b.a.h2.H2ConsoleAutoConfiguration    : H2 console available at '/h2-console'. Database available at 'jdbc:h2:mem:testdb'
2023-10-20T13:41:51.362+02:00  INFO 17632 --- [           main] h.s.project.ProjectApplicationTests      : Started ProjectApplicationTests in 5.437 seconds (process running for 9.474)
]]></system-out>
  </testcase>
</testsuite>