<?xml version="1.0" encoding="UTF-8"?>
<testsuite xmlns:xsi="http://www.w3.org/2001/XMLSchema-instance" xsi:noNamespaceSchemaLocation="https://maven.apache.org/surefire/maven-surefire-plugin/xsd/surefire-test-report-3.0.xsd" version="3.0" name="hu.szoftmern.project.testDatabase.TestDatabase" time="12.36" tests="3" errors="0" skipped="0" failures="0">
  <properties>
[...]
</properties>
  <testcase name="testFreightEntityPersistence" classname="hu.szoftmern.project.testDatabase.TestDatabase" time="1.727">
    <system-out><![CDATA[20:50:05.962 [main] INFO org.springframework.test.context.support.AnnotationConfigContextLoaderUtils -- Could not detect default configuration classes for test class [hu.szoftmern.project.testDatabase.TestDatabase]: TestDatabase does not declare any static, non-private, non-final, nested classes annotated with @Configuration.
20:50:06.287 [main] INFO org.springframework.boot.test.context.SpringBootTestContextBootstrapper -- Found @SpringBootConfiguration hu.szoftmern.project.ProjectApplication for test class hu.szoftmern.project.testDatabase.TestDatabase

  .   ____          _            __ _ _
 /\\ / ___'_ __ _ _(_)_ __  __ _ \ \ \ \
( ( )\___ | '_ | '_| | '_ \/ _` | \ \ \ \
 \\/  ___)| |_)| | | | | || (_| |  ) ) ) )
  '  |____| .__|_| |_|_| |_\__, | / / / /
 =========|_|==============|___/=/_/_/_/
 :: Spring Boot ::                (v3.1.4)

2023-11-26T20:50:07.301+01:00  INFO 10800 --- [           main] h.s.project.testDatabase.TestDatabase    : Starting TestDatabase using Java 17.0.4.1 with PID 10800 (started by Asus in C:\Users\Asus\Documents\DE-IK MI BSc\5. félév\Szoftverfejlesztés mérnököknek\merged_branch\szoftmern_projekt)
2023-11-26T20:50:07.305+01:00  INFO 10800 --- [           main] h.s.project.testDatabase.TestDatabase    : No active profile set, falling back to 1 default profile: "default"
2023-11-26T20:50:08.427+01:00  INFO 10800 --- [           main] .s.d.r.c.RepositoryConfigurationDelegate : Bootstrapping Spring Data JPA repositories in DEFAULT mode.
2023-11-26T20:50:08.660+01:00  INFO 10800 --- [           main] .s.d.r.c.RepositoryConfigurationDelegate : Finished Spring Data repository scanning in 200 ms. Found 4 JPA repository interfaces.
2023-11-26T20:50:08.831+01:00  INFO 10800 --- [           main] beddedDataSourceBeanFactoryPostProcessor : Replacing 'dataSource' DataSource bean with embedded version
2023-11-26T20:50:09.481+01:00  INFO 10800 --- [           main] o.s.j.d.e.EmbeddedDatabaseFactory        : Starting embedded database: url='jdbc:h2:mem:04d905f3-3319-49a3-aa87-31d5f4aa434d;DB_CLOSE_DELAY=-1;DB_CLOSE_ON_EXIT=false', username='sa'
2023-11-26T20:50:09.490+01:00 DEBUG 10800 --- [           main] o.s.jdbc.datasource.DataSourceUtils      : Fetching JDBC Connection from DataSource
2023-11-26T20:50:09.491+01:00 DEBUG 10800 --- [           main] o.s.j.datasource.SimpleDriverDataSource  : Creating new JDBC Driver Connection to [jdbc:h2:mem:04d905f3-3319-49a3-aa87-31d5f4aa434d;DB_CLOSE_DELAY=-1;DB_CLOSE_ON_EXIT=false]
2023-11-26T20:50:10.340+01:00 DEBUG 10800 --- [           main] o.s.jdbc.datasource.DataSourceUtils      : Fetching JDBC Connection from DataSource
2023-11-26T20:50:10.341+01:00 DEBUG 10800 --- [           main] o.s.j.datasource.SimpleDriverDataSource  : Creating new JDBC Driver Connection to [jdbc:h2:mem:04d905f3-3319-49a3-aa87-31d5f4aa434d;DB_CLOSE_DELAY=-1;DB_CLOSE_ON_EXIT=false]
2023-11-26T20:50:10.465+01:00  INFO 10800 --- [           main] o.hibernate.jpa.internal.util.LogHelper  : HHH000204: Processing PersistenceUnitInfo [name: default]
2023-11-26T20:50:10.689+01:00  INFO 10800 --- [           main] org.hibernate.Version                    : HHH000412: Hibernate ORM core version 6.2.9.Final
2023-11-26T20:50:10.697+01:00  INFO 10800 --- [           main] org.hibernate.cfg.Environment            : HHH000406: Using bytecode reflection optimizer
2023-11-26T20:50:11.127+01:00  INFO 10800 --- [           main] o.h.b.i.BytecodeProviderInitiator        : HHH000021: Bytecode provider name : bytebuddy
2023-11-26T20:50:11.534+01:00  INFO 10800 --- [           main] o.s.o.j.p.SpringPersistenceUnitInfo      : No LoadTimeWeaver setup: ignoring JPA class transformer
2023-11-26T20:50:11.579+01:00 DEBUG 10800 --- [           main] o.s.j.datasource.SimpleDriverDataSource  : Creating new JDBC Driver Connection to [jdbc:h2:mem:04d905f3-3319-49a3-aa87-31d5f4aa434d;DB_CLOSE_DELAY=-1;DB_CLOSE_ON_EXIT=false]
2023-11-26T20:50:12.320+01:00  INFO 10800 --- [           main] o.h.b.i.BytecodeProviderInitiator        : HHH000021: Bytecode provider name : bytebuddy
2023-11-26T20:50:14.173+01:00  INFO 10800 --- [           main] o.h.e.t.j.p.i.JtaPlatformInitiator       : HHH000490: Using JtaPlatform implementation: [org.hibernate.engine.transaction.jta.platform.internal.NoJtaPlatform]
Hibernate: drop table if exists driver cascade 
2023-11-26T20:50:14.227+01:00 DEBUG 10800 --- [           main] o.s.j.datasource.SimpleDriverDataSource  : Creating new JDBC Driver Connection to [jdbc:h2:mem:04d905f3-3319-49a3-aa87-31d5f4aa434d;DB_CLOSE_DELAY=-1;DB_CLOSE_ON_EXIT=false]
Hibernate: drop table if exists freight cascade 
Hibernate: drop table if exists truck cascade 
Hibernate: drop table if exists users cascade 
Hibernate: create table driver (driver_id bigint generated by default as identity, user_id bigint unique, address varchar(255), name varchar(255), phone_number varchar(255), primary key (driver_id))
2023-11-26T20:50:14.246+01:00 DEBUG 10800 --- [           main] o.s.j.datasource.SimpleDriverDataSource  : Creating new JDBC Driver Connection to [jdbc:h2:mem:04d905f3-3319-49a3-aa87-31d5f4aa434d;DB_CLOSE_DELAY=-1;DB_CLOSE_ON_EXIT=false]
Hibernate: create table freight (distance float(53) not null, arrival_time timestamp(6), driver_id bigint, freight_id bigint generated by default as identity, start_time timestamp(6), vehicle_id bigint, cargo varchar(255), destination varchar(255), origin varchar(255), primary key (freight_id))
Hibernate: create table truck (average_consumption float(53) not null, driver_id bigint, vehicle_id bigint generated by default as identity, brand varchar(255), fuel_type varchar(255) check (fuel_type in ('PETROL','DIESEL')), plate_number varchar(255), primary key (vehicle_id))
Hibernate: create table users (is_admin boolean not null, driver_id bigint generated by default as identity, email varchar(255), password varchar(255), username varchar(255), primary key (driver_id))
Hibernate: alter table if exists driver add constraint FKcmqtox7705hqk8hahof0ikmba foreign key (user_id) references users
2023-11-26T20:50:14.307+01:00  INFO 10800 --- [           main] j.LocalContainerEntityManagerFactoryBean : Initialized JPA EntityManagerFactory for persistence unit 'default'
2023-11-26T20:50:15.866+01:00  INFO 10800 --- [           main] h.s.project.testDatabase.TestDatabase    : Started TestDatabase in 9.379 seconds (process running for 12.094)
2023-11-26T20:50:15.923+01:00 DEBUG 10800 --- [           main] o.s.j.datasource.SimpleDriverDataSource  : Creating new JDBC Driver Connection to [jdbc:h2:mem:04d905f3-3319-49a3-aa87-31d5f4aa434d;DB_CLOSE_DELAY=-1;DB_CLOSE_ON_EXIT=false]
Hibernate: insert into freight (arrival_time,cargo,destination,distance,driver_id,origin,start_time,vehicle_id,freight_id) values (?,?,?,?,?,?,?,?,default)
Freight{freightId=1 driverId= 1 vehicleId=null', origin='City A', destination='City B', cargo='Electronics', startTime=2023-11-26 20:50:17.297, arrivalTime=2023-11-27 20:50:17.297, distance=0.0}
]]></system-out>
  </testcase>
  <testcase name="testDriverEntityPersistence" classname="hu.szoftmern.project.testDatabase.TestDatabase" time="0.023">
    <system-out><![CDATA[2023-11-26T20:50:17.621+01:00 DEBUG 10800 --- [           main] o.s.j.datasource.SimpleDriverDataSource  : Creating new JDBC Driver Connection to [jdbc:h2:mem:04d905f3-3319-49a3-aa87-31d5f4aa434d;DB_CLOSE_DELAY=-1;DB_CLOSE_ON_EXIT=false]
Hibernate: insert into driver (address,name,phone_number,user_id,driver_id) values (?,?,?,?,default)
Driver{driverId=1, name='John Doe', phoneNumber='1234567890', address='123 Main St'}
]]></system-out>
  </testcase>
  <testcase name="testUserEntityPersistence" classname="hu.szoftmern.project.testDatabase.TestDatabase" time="0.024">
    <system-out><![CDATA[2023-11-26T20:50:17.647+01:00 DEBUG 10800 --- [           main] o.s.j.datasource.SimpleDriverDataSource  : Creating new JDBC Driver Connection to [jdbc:h2:mem:04d905f3-3319-49a3-aa87-31d5f4aa434d;DB_CLOSE_DELAY=-1;DB_CLOSE_ON_EXIT=false]
Hibernate: insert into users (email,is_admin,password,username,driver_id) values (?,?,?,?,default)
User{driverId=1, username='testUsername', email='test@example.com', isAdmin='false'}
]]></system-out>
  </testcase>
</testsuite>